0	0.00004833	hypertrm.exe	IRP_MJ_CREATE	Serial2	SUCCESS	Options: Open 	
1	0.00001062	hypertrm.exe	IOCTL_SERIAL_SET_QUEUE_SIZE	Serial2	SUCCESS	InSize: 8192 OutSize: 8192	
2	0.00000196	hypertrm.exe	IOCTL_SERIAL_CONFIG_SIZE	Serial2	SUCCESS	Size: 0	
3	0.00000196	hypertrm.exe	IOCTL_SERIAL_GET_BAUD_RATE	Serial2	SUCCESS		
4	0.00000223	hypertrm.exe	IOCTL_SERIAL_GET_LINE_CONTROL	Serial2	SUCCESS		
5	0.00000168	hypertrm.exe	IOCTL_SERIAL_GET_CHARS	Serial2	SUCCESS		
6	0.00000140	hypertrm.exe	IOCTL_SERIAL_GET_HANDFLOW	Serial2	SUCCESS		
7	0.00000168	hypertrm.exe	IOCTL_SERIAL_GET_BAUD_RATE	Serial2	SUCCESS		
8	0.00000140	hypertrm.exe	IOCTL_SERIAL_GET_LINE_CONTROL	Serial2	SUCCESS		
9	0.00000140	hypertrm.exe	IOCTL_SERIAL_GET_CHARS	Serial2	SUCCESS		
10	0.00000140	hypertrm.exe	IOCTL_SERIAL_GET_HANDFLOW	Serial2	SUCCESS		
11	0.00000922	hypertrm.exe	IOCTL_SERIAL_SET_BAUD_RATE	Serial2	SUCCESS	Rate: 1200	
12	0.00000643	hypertrm.exe	IOCTL_SERIAL_SET_RTS	Serial2	SUCCESS		
13	0.00000643	hypertrm.exe	IOCTL_SERIAL_SET_DTR	Serial2	SUCCESS		
14	0.00000587	hypertrm.exe	IOCTL_SERIAL_SET_LINE_CONTROL	Serial2	SUCCESS	StopBits: 1 Parity: NONE WordLength: 8	
15	0.00000503	hypertrm.exe	IOCTL_SERIAL_SET_CHAR	Serial2	SUCCESS	EOF:0 ERR:0 BRK:0 EVT:0 XON:11 XOFF:13	
16	0.00000615	hypertrm.exe	IOCTL_SERIAL_SET_HANDFLOW	Serial2	SUCCESS	Shake:80000001 Replace:80000040 XonLimit:80 XoffLimit:200	
17	0.00000168	hypertrm.exe	IOCTL_SERIAL_SET_TIMEOUTS	Serial2	SUCCESS	RI:10 RM:0 RC:0 WM:0 WC:5000	
18	0.00000587	hypertrm.exe	IOCTL_SERIAL_SET_WAIT_MASK	Serial2	SUCCESS	Mask: RLSD ERR 	
19	0.00000000	hypertrm.exe	IOCTL_SERIAL_WAIT_ON_MASK	Serial2			
20	42.58300371	hypertrm.exe	IRP_MJ_READ	Serial2	TIMEOUT	Length 8: .3HELLO.	
21	0.00005057	LED.exe		IRP_MJ_CREATE			Serial0	SUCCESS	Options: Open 	
22	0.00000223	LED.exe		IOCTL_SERIAL_GET_TIMEOUTS	Serial0	SUCCESS		
23	0.00000168	LED.exe		IOCTL_SERIAL_SET_TIMEOUTS	Serial0	SUCCESS	RI:0 RM:10 RC:1000 WM:1 WC:1000	
24	0.00000168	LED.exe		IOCTL_SERIAL_GET_BAUD_RATE	Serial0	SUCCESS		
25	0.00000168	LED.exe		IOCTL_SERIAL_GET_LINE_CONTROL	Serial0	SUCCESS		
26	0.00000168	LED.exe		IOCTL_SERIAL_GET_CHARS		Serial0	SUCCESS		
27	0.00000168	LED.exe		IOCTL_SERIAL_GET_HANDFLOW	Serial0	SUCCESS		
28	0.00000168	LED.exe		IOCTL_SERIAL_GET_BAUD_RATE	Serial0	SUCCESS		
29	0.00000140	LED.exe		IOCTL_SERIAL_GET_LINE_CONTROL	Serial0	SUCCESS		
30	0.00000140	LED.exe		IOCTL_SERIAL_GET_CHARS		Serial0	SUCCESS		
31	0.00000140	LED.exe		IOCTL_SERIAL_GET_HANDFLOW	Serial0	SUCCESS		
32	0.00001090	LED.exe		IOCTL_SERIAL_SET_BAUD_RATE	Serial0	SUCCESS	Rate: 1200	
33	0.00000782	LED.exe		IOCTL_SERIAL_SET_RTS		Serial0	SUCCESS		
34	0.00000754	LED.exe		IOCTL_SERIAL_SET_DTR		Serial0	SUCCESS		
35	0.00000643	LED.exe		IOCTL_SERIAL_SET_LINE_CONTROL	Serial0	SUCCESS	StopBits: 1 Parity: NONE WordLength: 8	
36	0.00000503	LED.exe		IOCTL_SERIAL_SET_CHAR		Serial0	SUCCESS	EOF:0 ERR:0 BRK:0 EVT:0 XON:11 XOFF:13	
37	0.00000643	LED.exe		IOCTL_SERIAL_SET_HANDFLOW	Serial0	SUCCESS	Shake:1 Replace:40 XonLimit:2048 XoffLimit:512	
38	0.00000168	LED.exe		IOCTL_SERIAL_SET_QUEUE_SIZE	Serial0	SUCCESS	InSize: 4096 OutSize: 4096	
39	0.00000587	LED.exe		IOCTL_SERIAL_SET_WAIT_MASK	Serial0	SUCCESS	Mask: RXCHAR 	
40	0.00000587	LED.exe		IOCTL_SERIAL_PURGE		Serial0	SUCCESS	Purge: TXABORT RXABORT TXCLEAR RXCLEAR	
41	0.00000894	LED.exe		IOCTL_SERIAL_SET_RTS		Serial0	SUCCESS		
42	0.00000782	LED.exe		IOCTL_SERIAL_SET_DTR		Serial0	SUCCESS		
43	0.00000698	LED.exe		IOCTL_SERIAL_PURGE		Serial0	SUCCESS	Purge: TXABORT RXABORT TXCLEAR RXCLEAR	
44	0.00002822	LED.exe		IRP_MJ_WRITE			Serial0	SUCCESS	Length 1: .	
45	0.06994045	LED.exe		IOCTL_SERIAL_WAIT_ON_MASK	Serial0	CANCELLED		
46	0.00000615	LED.exe		IOCTL_SERIAL_PURGE		Serial0	SUCCESS	Purge: TXABORT RXABORT TXCLEAR RXCLEAR	
47	0.00719561	LED.exe		IRP_MJ_WRITE			Serial0	SUCCESS	Length 1: 3	
48	0.00000587	LED.exe		IOCTL_SERIAL_PURGE		Serial0	SUCCESS	Purge: TXABORT RXABORT TXCLEAR RXCLEAR	
49	0.00826222	LED.exe		IRP_MJ_WRITE			Serial0	SUCCESS	Length 1: H	
50	0.00000670	LED.exe		IOCTL_SERIAL_PURGE		Serial0	SUCCESS	Purge: TXABORT RXABORT TXCLEAR RXCLEAR	
51	0.00807281	LED.exe		IRP_MJ_WRITE			Serial0	SUCCESS	Length 1: E	
52	0.00000950	LED.exe		IOCTL_SERIAL_PURGE		Serial0	SUCCESS	Purge: TXABORT RXABORT TXCLEAR RXCLEAR	
53	0.00693580	LED.exe		IRP_MJ_WRITE			Serial0	SUCCESS	Length 1: L	
54	0.00000866	LED.exe		IOCTL_SERIAL_PURGE		Serial0	SUCCESS	Purge: TXABORT RXABORT TXCLEAR RXCLEAR	
55	0.00786022	LED.exe		IRP_MJ_WRITE			Serial0	SUCCESS	Length 1: L	
56	0.00000670	LED.exe		IOCTL_SERIAL_PURGE		Serial0	SUCCESS	Purge: TXABORT RXABORT TXCLEAR RXCLEAR	
57	0.00791218	LED.exe		IRP_MJ_WRITE			Serial0	SUCCESS	Length 1: O	
58	0.00000587	LED.exe		IOCTL_SERIAL_PURGE		Serial0	SUCCESS	Purge: TXABORT RXABORT TXCLEAR RXCLEAR	
59	0.00781747	LED.exe		IRP_MJ_WRITE			Serial0	SUCCESS	Length 1: .	
60	0.00000782	LED.exe		IOCTL_SERIAL_CLR_RTS		Serial0	SUCCESS		
61	0.00000754	LED.exe		IOCTL_SERIAL_CLR_DTR		Serial0	SUCCESS		
62	0.00001062	LED.exe		IRP_MJ_CLEANUP			Serial0	SUCCESS		
63	0.08990668	LED.exe		IRP_MJ_CLOSE			Serial0	SUCCESS		
64	0.00000000	hypertrm.exe	IRP_MJ_READ	Serial2		Length 80	
